-------------------------------------------------------------------------------
Test set: HelloMavenTest
-------------------------------------------------------------------------------
Tests run: 1, Failures: 0, Errors: 1, Skipped: 0, Time elapsed: 3.625 s <<< FAILURE! - in HelloMavenTest
mavenFlowReturnsHelloMaven(HelloMavenTest)  Time elapsed: 2.227 s  <<< ERROR!
org.mule.api.config.ConfigurationException: Line 17 in XML document from URL [file:/C:/Users/ssankaramanchi/AnypointStudio/workspace/maven-project/target/test-classes/maven-project.xml] is invalid; nested exception is org.xml.sax.SAXParseException; lineNumber: 17; columnNumber: 23; cvc-complex-type.2.4.a: Invalid content was found starting with element 'spring:beans'. One of '{"http://www.mulesoft.org/schema/mule/core":abstract-message-processor, "http://www.mulesoft.org/schema/mule/core":abstract-outbound-endpoint, "http://www.mulesoft.org/schema/mule/core":abstract-mixed-content-message-processor, "http://www.mulesoft.org/schema/mule/core":response, "http://www.mulesoft.org/schema/mule/core":legacy-abstract-exception-strategy, "http://www.mulesoft.org/schema/mule/core":abstract-message-info-mapping}' is expected. (org.mule.api.lifecycle.InitialisationException)
Caused by: org.mule.api.lifecycle.InitialisationException: Line 17 in XML document from URL [file:/C:/Users/ssankaramanchi/AnypointStudio/workspace/maven-project/target/test-classes/maven-project.xml] is invalid; nested exception is org.xml.sax.SAXParseException; lineNumber: 17; columnNumber: 23; cvc-complex-type.2.4.a: Invalid content was found starting with element 'spring:beans'. One of '{"http://www.mulesoft.org/schema/mule/core":abstract-message-processor, "http://www.mulesoft.org/schema/mule/core":abstract-outbound-endpoint, "http://www.mulesoft.org/schema/mule/core":abstract-mixed-content-message-processor, "http://www.mulesoft.org/schema/mule/core":response, "http://www.mulesoft.org/schema/mule/core":legacy-abstract-exception-strategy, "http://www.mulesoft.org/schema/mule/core":abstract-message-info-mapping}' is expected.
Caused by: org.springframework.beans.factory.xml.XmlBeanDefinitionStoreException: Line 17 in XML document from URL [file:/C:/Users/ssankaramanchi/AnypointStudio/workspace/maven-project/target/test-classes/maven-project.xml] is invalid; nested exception is org.xml.sax.SAXParseException; lineNumber: 17; columnNumber: 23; cvc-complex-type.2.4.a: Invalid content was found starting with element 'spring:beans'. One of '{"http://www.mulesoft.org/schema/mule/core":abstract-message-processor, "http://www.mulesoft.org/schema/mule/core":abstract-outbound-endpoint, "http://www.mulesoft.org/schema/mule/core":abstract-mixed-content-message-processor, "http://www.mulesoft.org/schema/mule/core":response, "http://www.mulesoft.org/schema/mule/core":legacy-abstract-exception-strategy, "http://www.mulesoft.org/schema/mule/core":abstract-message-info-mapping}' is expected.
Caused by: org.xml.sax.SAXParseException: cvc-complex-type.2.4.a: Invalid content was found starting with element 'spring:beans'. One of '{"http://www.mulesoft.org/schema/mule/core":abstract-message-processor, "http://www.mulesoft.org/schema/mule/core":abstract-outbound-endpoint, "http://www.mulesoft.org/schema/mule/core":abstract-mixed-content-message-processor, "http://www.mulesoft.org/schema/mule/core":response, "http://www.mulesoft.org/schema/mule/core":legacy-abstract-exception-strategy, "http://www.mulesoft.org/schema/mule/core":abstract-message-info-mapping}' is expected.

